<?xml version="1.0" encoding="UTF-8"?>
<testng-results skipped="0" failed="0" ignored="0" total="1" passed="1">
  <reporter-output>
  </reporter-output>
  <suite name="Suite" duration-ms="14925" started-at="2021-04-20T10:58:53Z" finished-at="2021-04-20T10:59:08Z">
    <groups>
    </groups>
    <test name="Test" duration-ms="14925" started-at="2021-04-20T10:58:53Z" finished-at="2021-04-20T10:59:08Z">
      <class name="org.test.adactin.Automation">
        <test-method status="PASS" signature="browserLaunch()[pri:0, instance:org.test.adactin.Automation@3c0ecd4b]" name="browserLaunch" is-config="true" duration-ms="11199" started-at="2021-04-20T10:58:53Z" finished-at="2021-04-20T10:59:04Z">
          <reporter-output>
          </reporter-output>
        </test-method> <!-- browserLaunch -->
        <test-method status="PASS" signature="insertValues(java.lang.String, java.lang.String, java.lang.String, java.lang.String, java.lang.String)[pri:0, instance:org.test.adactin.Automation@3c0ecd4b]" name="insertValues" duration-ms="3687" started-at="2021-04-20T10:59:04Z" finished-at="2021-04-20T10:59:08Z">
          <params>
            <param index="0">
              <value>
                <![CDATA[tamil]]>
              </value>
            </param>
            <param index="1">
              <value>
                <![CDATA[selvan]]>
              </value>
            </param>
            <param index="2">
              <value>
                <![CDATA[Chennai]]>
              </value>
            </param>
            <param index="3">
              <value>
                <![CDATA[Chennai26@gmail.com]]>
              </value>
            </param>
            <param index="4">
              <value>
                <![CDATA[9876543210]]>
              </value>
            </param>
          </params>
          <reporter-output>
          </reporter-output>
        </test-method> <!-- insertValues -->
      </class> <!-- org.test.adactin.Automation -->
    </test> <!-- Test -->
  </suite> <!-- Suite -->
</testng-results>
